2021/05/09 23:52:14 {"callers":["/Users/spider/golangProjects/web-gin/main.go: 25 main.init.0"],"level":"info","message":"spider:web-gin/go","time":1620575534801485000}
2021/05/09 23:52:14 {"callers":["/Users/spider/golangProjects/web-gin/main.go: 25 main.init.0"],"level":"panic","message":"捕获异常:错误码 200 已经存在,请更换一个","time":1620575534801671000}
2021/05/09 23:53:35 {"callers":["/Users/spider/golangProjects/web-gin/main.go: 25 main.init.0"],"level":"info","message":"spider:web-gin/go","time":1620575615410165000}
2021/05/09 23:53:35 {"callers":["/Users/spider/golangProjects/web-gin/main.go: 25 main.init.0"],"level":"panic","message":"捕获异常:错误码 200 已经存在,请更换一个","time":1620575615410382000}
2021/05/09 23:53:35 {"callers":["/Users/spider/golangProjects/web-gin/main.go: 25 main.init.0"],"level":"panic","message":"捕获异常:{\"callers\":[\"/Users/spider/golangProjects/web-gin/main.go: 25 main.init.0\"],\"level\":\"panic\",\"message\":\"捕获异常:错误码 200 已经存在,请更换一个\",\"time\":1620575615410382000}","time":1620575615410437000}
2021/05/09 23:57:07 {"callers":["/Users/spider/golangProjects/web-gin/main.go: 25 main.init.0"],"level":"info","message":"spider:web-gin/go","time":1620575827664453000}
2021/05/09 23:57:07 {"callers":["/Users/spider/golangProjects/web-gin/main.go: 25 main.init.0"],"level":"panic","message":"捕获异常:错误码 200 已经存在,请更换一个","time":1620575827667011000}
2021/05/10 12:53:37 {"callers":["/Users/spider/golangProjects/web-gin/main.go: 24 main.init.0"],"level":"info","message":"spider:web-gin/go","time":1620622417772279000}
2021/05/10 12:54:52 {"callers":["/Users/spider/golangProjects/web-gin/main.go: 24 main.init.0"],"level":"info","message":"spider:web-gin/go","time":1620622492179660000}
2021/05/10 15:53:04 {"callers":["/Users/spider/golangProjects/web-gin/main.go: 24 main.init.0"],"level":"info","message":"spider:web-gin/go","time":1620633184045965000}
2021/05/10 15:56:07 {"callers":["/Users/spider/golangProjects/web-gin/main.go: 24 main.init.0"],"level":"info","message":"spider:web-gin/go","time":1620633367256810000}
2021/05/10 15:58:11 {"callers":["/Users/spider/golangProjects/web-gin/main.go: 24 main.init.0"],"level":"info","message":"spider:web-gin/go","time":1620633491471481000}
2021/05/10 15:59:30 {"callers":["/Users/spider/golangProjects/web-gin/main.go: 24 main.init.0"],"level":"info","message":"spider:web-gin/go","time":1620633570304371000}
2021/05/10 16:08:10 {"callers":["/Users/spider/golangProjects/web-gin/main.go: 24 main.init.0"],"level":"info","message":"spider:web-gin/go","time":1620634090750492000}
2021/05/10 17:08:26 {"callers":["/Users/spider/golangProjects/web-gin/main.go: 24 main.init.0"],"level":"info","message":"spider:web-gin/go","time":1620637706832288000}
2021/05/16 15:44:01 {"callers":["/Users/spider/golangProjects/web-gin/main.go: 24 main.init.0"],"level":"info","message":"spider:web-gin/go","time":1621151041606753000}
2021/05/16 15:44:50 {"callers":["/Users/spider/golangProjects/web-gin/main.go: 24 main.init.0"],"level":"info","message":"spider:web-gin/go","time":1621151090212819000}
2021/05/16 16:29:34 {"callers":["/Users/spider/golangProjects/web-gin/main.go: 24 main.init.0"],"level":"info","message":"spider:web-gin/go","time":1621153774171357000}
2021/05/16 23:40:51 {"callers":["/Users/spider/golangProjects/web-gin/main.go: 24 main.init.0"],"level":"info","message":"spider:web-gin/go","time":1621179651775261000}
2021/05/16 23:41:59 {"callers":["/Users/spider/golangProjects/web-gin/main.go: 24 main.init.0"],"level":"info","message":"spider:web-gin/go","time":1621179719150958000}
2021/05/16 23:42:57 {"callers":["/Users/spider/golangProjects/web-gin/main.go: 24 main.init.0"],"level":"info","message":"spider:web-gin/go","time":1621179777376795000}
2021/05/21 00:38:36 {"callers":["/Users/spider/golangProjects/web-gin/main.go: 24 main.init.0"],"level":"info","message":"spider:web-gin/go","time":1621528716762943000}
2021/05/21 00:40:22 {"callers":["/Users/spider/golangProjects/web-gin/main.go: 24 main.init.0"],"level":"error","message":"app.BindAndValid errs: [Key: 'CreateTagRequest.Name' Error:Field validation for 'Name' failed on the 'required' tag Key: 'CreateTagRequest.CreatedBy' Error:Field validation for 'CreatedBy' failed on the 'required' tag]","time":1621528822524404000}
2021/05/21 00:41:10 {"callers":["/Users/spider/golangProjects/web-gin/main.go: 24 main.init.0"],"level":"error","message":"app.BindAndValid errs: [Key: 'CreateTagRequest.Name' Error:Field validation for 'Name' failed on the 'required' tag Key: 'CreateTagRequest.CreatedBy' Error:Field validation for 'CreatedBy' failed on the 'required' tag]","time":1621528870638123000}
2021/05/21 00:41:53 {"callers":["/Users/spider/golangProjects/web-gin/main.go: 24 main.init.0"],"level":"info","message":"spider:web-gin/go","time":1621528913671220000}
2021/05/21 00:42:38 {"callers":["/Users/spider/golangProjects/web-gin/main.go: 24 main.init.0"],"level":"error","message":"app.BindAndValid errs: [Key: 'CreateTagRequest.Name' Error:Field validation for 'Name' failed on the 'required' tag Key: 'CreateTagRequest.CreatedBy' Error:Field validation for 'CreatedBy' failed on the 'required' tag]","time":1621528958675715000}
2021/05/21 00:43:03 {"callers":["/Users/spider/golangProjects/web-gin/main.go: 24 main.init.0"],"level":"error","message":"app.BindAndValid errs: [Key: 'CreateTagRequest.Name' Error:Field validation for 'Name' failed on the 'required' tag Key: 'CreateTagRequest.CreatedBy' Error:Field validation for 'CreatedBy' failed on the 'required' tag]","time":1621528983875498000}
2021/05/21 00:50:27 {"callers":["/Users/spider/golangProjects/web-gin/main.go: 24 main.init.0"],"level":"info","message":"spider:web-gin/go","time":1621529427586336000}
2021/05/21 00:56:07 {"callers":["/Users/spider/golangProjects/web-gin/main.go: 24 main.init.0"],"level":"info","message":"spider:web-gin/go","time":1621529767461839000}
2021/05/21 00:58:40 {"callers":["/Users/spider/golangProjects/web-gin/main.go: 24 main.init.0"],"level":"info","message":"spider:web-gin/go","time":1621529920690320000}
2021/05/21 01:01:12 {"callers":["/Users/spider/golangProjects/web-gin/main.go: 24 main.init.0"],"level":"info","message":"spider:web-gin/go","time":1621530072605014000}
2021/05/21 01:01:26 {"callers":["/Users/spider/golangProjects/web-gin/main.go: 24 main.init.0"],"level":"info","message":"spider:web-gin/go","time":1621530086065666000}
2021/05/21 01:03:35 {"callers":["/Users/spider/golangProjects/web-gin/main.go: 24 main.init.0"],"level":"info","message":"spider:web-gin/go","time":1621530215268236000}
2021/05/21 01:03:55 {"callers":["/Users/spider/golangProjects/web-gin/main.go: 24 main.init.0"],"level":"info","message":"spider:web-gin/go","time":1621530235802866000}
2021/05/21 01:04:26 {"callers":["/Users/spider/golangProjects/web-gin/main.go: 24 main.init.0"],"level":"info","message":"spider:web-gin/go","time":1621530266798687000}
2021/05/21 01:05:17 {"callers":["/Users/spider/golangProjects/web-gin/main.go: 24 main.init.0"],"level":"info","message":"spider:web-gin/go","time":1621530317891555000}
2021/05/21 01:07:06 {"callers":["/Users/spider/golangProjects/web-gin/main.go: 24 main.init.0"],"level":"info","message":"spider:web-gin/go","time":1621530426346459000}
2021/05/21 01:07:25 {"callers":["/Users/spider/golangProjects/web-gin/main.go: 24 main.init.0"],"level":"info","message":"spider:web-gin/go","time":1621530445876851000}
2021/05/21 01:08:22 {"callers":["/Users/spider/golangProjects/web-gin/main.go: 24 main.init.0"],"level":"error","message":"app.BindAndValid errs: [Key: 'CreateTagRequest.Name' Error:Field validation for 'Name' failed on the 'required' tag Key: 'CreateTagRequest.CreatedBy' Error:Field validation for 'CreatedBy' failed on the 'required' tag]","time":1621530502069101000}
2021/05/21 01:12:50 {"callers":["/Users/spider/golangProjects/web-gin/main.go: 24 main.init.0"],"level":"info","message":"spider:web-gin/go","time":1621530770967391000}
2021/05/21 01:12:58 {"callers":["/Users/spider/golangProjects/web-gin/main.go: 24 main.init.0"],"level":"info","message":"spider:web-gin/go","time":1621530778706801000}
2021/05/21 01:13:06 {"callers":["/Users/spider/golangProjects/web-gin/main.go: 24 main.init.0"],"level":"error","message":"app.BindAndValid errs: [Key: 'CreateTagRequest.Name' Error:Field validation for 'Name' failed on the 'required' tag Key: 'CreateTagRequest.CreatedBy' Error:Field validation for 'CreatedBy' failed on the 'required' tag]","time":1621530786011213000}
2021/05/21 01:13:19 {"callers":["/Users/spider/golangProjects/web-gin/main.go: 24 main.init.0"],"level":"info","message":"spider:web-gin/go","time":1621530799020936000}
2021/05/21 01:13:22 {"callers":["/Users/spider/golangProjects/web-gin/main.go: 24 main.init.0"],"level":"error","message":"app.BindAndValid errs: [Key: 'CreateTagRequest.CreatedBy' Error:Field validation for 'CreatedBy' failed on the 'required' tag Key: 'CreateTagRequest.Name' Error:Field validation for 'Name' failed on the 'required' tag]","time":1621530802596655000}
2021/05/21 01:13:40 {"callers":["/Users/spider/golangProjects/web-gin/main.go: 24 main.init.0"],"level":"info","message":"spider:web-gin/go","time":1621530820972051000}
2021/05/21 01:13:44 {"callers":["/Users/spider/golangProjects/web-gin/main.go: 24 main.init.0"],"level":"error","message":"app.BindAndValid errs: [Key: 'CreateTagRequest.Name' Error:Field validation for 'Name' failed on the 'required' tag Key: 'CreateTagRequest.CreatedBy' Error:Field validation for 'CreatedBy' failed on the 'required' tag]","time":1621530824601412000}
2021/05/21 01:18:23 {"callers":["/Users/spider/golangProjects/web-gin/main.go: 24 main.init.0"],"level":"info","message":"spider:web-gin/go","time":1621531103068338000}
2021/05/21 01:19:04 {"callers":["/Users/spider/golangProjects/web-gin/main.go: 24 main.init.0"],"level":"error","message":"app.BindAndValid errs: [Key: 'CreateTagRequest.Name' Error:Field validation for 'Name' failed on the 'required' tag Key: 'CreateTagRequest.CreatedBy' Error:Field validation for 'CreatedBy' failed on the 'required' tag]","time":1621531144296346000}
2021/05/21 01:20:50 {"callers":["/Users/spider/golangProjects/web-gin/main.go: 24 main.init.0"],"level":"info","message":"spider:web-gin/go","time":1621531250433300000}
